2025-09-13 15:49:38.569 [info] [main] Log level: Info
2025-09-13 15:49:38.569 [info] [main] Validating found git in: "git"
2025-09-13 15:49:38.569 [info] [main] Using git "2.43.0" from "git"
2025-09-13 15:49:38.569 [info] [Model][doInitialScan] Initial repository scan started
2025-09-13 15:49:38.569 [info] > git rev-parse --show-toplevel [2492ms]
2025-09-13 15:49:38.569 [info] fatal: not a git repository (or any parent up to mount point /)
Stopping at filesystem boundary (GIT_DISCOVERY_ACROSS_FILESYSTEM not set).
2025-09-13 15:49:38.569 [info] > git rev-parse --show-toplevel [102ms]
2025-09-13 15:49:38.569 [info] fatal: not a git repository (or any parent up to mount point /)
Stopping at filesystem boundary (GIT_DISCOVERY_ACROSS_FILESYSTEM not set).
2025-09-13 15:49:38.569 [info] > git rev-parse --show-toplevel [3403ms]
2025-09-13 15:49:38.569 [info] fatal: not a git repository (or any parent up to mount point /)
Stopping at filesystem boundary (GIT_DISCOVERY_ACROSS_FILESYSTEM not set).
2025-09-13 15:49:38.740 [info] > git rev-parse --show-toplevel [5ms]
2025-09-13 15:49:38.740 [info] fatal: not a git repository (or any parent up to mount point /)
Stopping at filesystem boundary (GIT_DISCOVERY_ACROSS_FILESYSTEM not set).
2025-09-13 15:49:38.748 [info] > git rev-parse --show-toplevel [2ms]
2025-09-13 15:49:38.748 [info] fatal: not a git repository (or any parent up to mount point /)
Stopping at filesystem boundary (GIT_DISCOVERY_ACROSS_FILESYSTEM not set).
2025-09-13 15:49:38.755 [info] > git rev-parse --show-toplevel [1ms]
2025-09-13 15:49:38.755 [info] fatal: not a git repository (or any parent up to mount point /)
Stopping at filesystem boundary (GIT_DISCOVERY_ACROSS_FILESYSTEM not set).
2025-09-13 15:49:38.762 [info] > git rev-parse --show-toplevel [1ms]
2025-09-13 15:49:38.763 [info] fatal: not a git repository (or any parent up to mount point /)
Stopping at filesystem boundary (GIT_DISCOVERY_ACROSS_FILESYSTEM not set).
2025-09-13 15:49:38.770 [info] > git rev-parse --show-toplevel [2ms]
2025-09-13 15:49:38.770 [info] fatal: not a git repository (or any parent up to mount point /)
Stopping at filesystem boundary (GIT_DISCOVERY_ACROSS_FILESYSTEM not set).
2025-09-13 15:49:38.778 [info] > git rev-parse --show-toplevel [2ms]
2025-09-13 15:49:38.778 [info] fatal: not a git repository (or any parent up to mount point /)
Stopping at filesystem boundary (GIT_DISCOVERY_ACROSS_FILESYSTEM not set).
2025-09-13 15:49:38.787 [info] > git rev-parse --show-toplevel [3ms]
2025-09-13 15:49:38.787 [info] fatal: not a git repository (or any parent up to mount point /)
Stopping at filesystem boundary (GIT_DISCOVERY_ACROSS_FILESYSTEM not set).
2025-09-13 15:49:38.794 [info] > git rev-parse --show-toplevel [2ms]
2025-09-13 15:49:38.794 [info] fatal: not a git repository (or any parent up to mount point /)
Stopping at filesystem boundary (GIT_DISCOVERY_ACROSS_FILESYSTEM not set).
2025-09-13 15:49:38.808 [info] > git rev-parse --show-toplevel [6ms]
2025-09-13 15:49:38.808 [info] fatal: not a git repository (or any parent up to mount point /)
Stopping at filesystem boundary (GIT_DISCOVERY_ACROSS_FILESYSTEM not set).
2025-09-13 15:49:38.831 [info] > git rev-parse --show-toplevel [16ms]
2025-09-13 15:49:38.831 [info] fatal: not a git repository (or any parent up to mount point /)
Stopping at filesystem boundary (GIT_DISCOVERY_ACROSS_FILESYSTEM not set).
2025-09-13 15:49:38.850 [info] > git rev-parse --show-toplevel [2ms]
2025-09-13 15:49:38.850 [info] fatal: not a git repository (or any parent up to mount point /)
Stopping at filesystem boundary (GIT_DISCOVERY_ACROSS_FILESYSTEM not set).
2025-09-13 15:49:38.851 [info] [Model][doInitialScan] Initial repository scan completed - repositories (0), closed repositories (0), parent repositories (0), unsafe repositories (0)
