Initializing document watcher...
Document watcher initialized
rahultammu71/app.py: {}
rahultammu71/app.py: {}
rahultammu71/app.py: {}
rahultammu71/index.html: {}
rahultammu71/app.py: {}
rahultammu71/app.py: {}
rahultammu71/app.py: Using EditorConfig core...
rahultammu71/app.py: Using EditorConfig core...
rahultammu71/app.py: Using EditorConfig core...
rahultammu71/app.py: {}
rahultammu71/app.py: {}
rahultammu71/app.py: {}
rahultammu71/app.py: {}
rahultammu71/app.py: {}
rahultammu71/app.py: {}
rahultammu71/app.py: Using EditorConfig core...
rahultammu71/app.py: Using EditorConfig core...
rahultammu71/app.py: {}
rahultammu71/app.py: Using EditorConfig core...
rahultammu71/app.py: {}
rahultammu71/app.py: {}
rahultammu71/app.py: Using EditorConfig core...
rahultammu71/app.py: {}
rahultammu71/app.py: {}
rahultammu71/app.py: {}
rahultammu71/app.py: {}
rahultammu71/app.py: {}
rahultammu71/app.py: Using EditorConfig core...
rahultammu71/app.py: {}
rahultammu71/app.py: {}
rahultammu71/ai-analyst-471818-9079dd0d6186.json: {}
rahultammu71/ai-analyst-471818-9079dd0d6186.json: {}
rahultammu71/app.py: {}
rahultammu71/app.py: Using EditorConfig core...
rahultammu71/app.py: Using EditorConfig core...
rahultammu71/app.py: {}
rahultammu71/ai-analyst-471818-9079dd0d6186.json: {}
rahultammu71/index.html: {}
rahultammu71/app.py: {}
rahultammu71/app.py: Using EditorConfig core...
rahultammu71/app.py: Using EditorConfig core...
rahultammu71/app.py: {}
rahultammu71/app.py: {}
rahultammu71/app.py: {}
rahultammu71/app.py: {}
rahultammu71/app.py: {}
rahultammu71/app.py: {}
rahultammu71/app.py: {}
rahultammu71/app.py: {}
rahultammu71/app.py: {}
rahultammu71/app.py: {}
rahultammu71/app.py: Using EditorConfig core...
rahultammu71/app.py: Using EditorConfig core...
rahultammu71/app.py: Using EditorConfig core...
rahultammu71/app.py: Using EditorConfig core...
rahultammu71/app.py: Using EditorConfig core...
rahultammu71/app.py: Using EditorConfig core...
rahultammu71/app.py: Using EditorConfig core...
rahultammu71/app.py: Using EditorConfig core...
rahultammu71/app.py: Using EditorConfig core...
rahultammu71/app.py: Using EditorConfig core...
rahultammu71/app.py: Using EditorConfig core...
rahultammu71/app.py: Using EditorConfig core...
rahultammu71/app.py: {}
rahultammu71/app.py: {}
rahultammu71/app.py: Using EditorConfig core...
rahultammu71/app.py: {}
rahultammu71/app.py: {}
rahultammu71/app.py: {}
rahultammu71/app.py: {}
rahultammu71/app.py: {}
rahultammu71/app.py: {}
rahultammu71/app.py: {}
rahultammu71/app.py: {}
rahultammu71/app.py: {}
rahultammu71/app.py: {}
rahultammu71/app.py: {}
