0 verbose cli /usr/local/nvm/versions/node/v22.19.0/bin/node /usr/local/nvm/versions/node/v22.19.0/bin/npm
0 verbose cli /usr/local/nvm/versions/node/v22.19.0/bin/node /usr/local/nvm/versions/node/v22.19.0/bin/npm
0 verbose cli /usr/local/nvm/versions/node/v22.19.0/bin/node /usr/local/nvm/versions/node/v22.19.0/bin/npm
1 info using npm@11.6.0
2 info using node@v22.19.0
1 info using npm@11.6.0
3 silly config load:file:/usr/local/nvm/versions/node/v22.19.0/lib/node_modules/npm/npmrc
4 silly config load:file:/home/rahultammu71/.npmrc
1 info using npm@11.6.0
5 silly config load:file:/usr/local/nvm/versions/node/v22.19.0/etc/npmrc
6 verbose title npm config get prefix
2 info using node@v22.19.0
2 info using node@v22.19.0
7 verbose argv "config" "--loglevel" "warn" "get" "prefix"
3 silly config load:file:/usr/local/nvm/versions/node/v22.19.0/lib/node_modules/npm/npmrc
3 silly config load:file:/usr/local/nvm/versions/node/v22.19.0/lib/node_modules/npm/npmrc
4 silly config load:file:/google/devshell/editor/code-oss-for-cloud-shell/.npmrc
4 silly config load:file:/home/rahultammu71/.npmrc
8 verbose logfile logs-max:10 dir:/home/rahultammu71/.npm/_logs/2025-09-16T04_39_03_436Z-
5 silly config load:file:/usr/local/nvm/versions/node/v22.19.0/etc/npmrc
5 silly config load:file:/home/rahultammu71/.npmrc
6 silly config load:file:/usr/local/nvm/versions/node/v22.19.0/etc/npmrc
6 verbose title npm config get prefix
9 verbose logfile /home/rahultammu71/.npm/_logs/2025-09-16T04_39_03_436Z-debug-0.log
7 verbose title npm config get prefix
7 verbose argv "config" "--loglevel" "warn" "get" "prefix"
8 verbose logfile logs-max:10 dir:/home/rahultammu71/.npm/_logs/2025-09-16T04_39_03_436Z-
8 verbose argv "config" "--loglevel" "warn" "get" "prefix"
9 verbose logfile logs-max:10 dir:/home/rahultammu71/.npm/_logs/2025-09-16T04_39_03_436Z-
9 verbose logfile /home/rahultammu71/.npm/_logs/2025-09-16T04_39_03_436Z-debug-0.log
10 verbose logfile /home/rahultammu71/.npm/_logs/2025-09-16T04_39_03_436Z-debug-0.log
10 silly logfile start cleaning logs, removing 43 files
10 silly logfile start cleaning logs, removing 43 files
11 silly logfile start cleaning logs, removing 43 files
11 verbose cwd /home/rahultammu71
12 verbose os Linux 6.6.97+
13 verbose node v22.19.0
14 verbose npm  v11.6.0
15 verbose exit 0
16 info ok
11 verbose cwd /home/rahultammu71
12 verbose os Linux 6.6.97+
13 verbose node v22.19.0
14 verbose npm  v11.6.0
15 verbose exit 0
16 info ok
12 verbose cwd /google/devshell/editor/code-oss-for-cloud-shell
13 verbose os Linux 6.6.97+
14 verbose node v22.19.0
15 verbose npm  v11.6.0
16 verbose exit 0
17 info ok
