2025-09-16 14:35:58.719 [info] [main] Log level: Info
2025-09-16 14:35:58.719 [info] [main] Validating found git in: "git"
2025-09-16 14:35:58.719 [info] [main] Using git "2.43.0" from "git"
2025-09-16 14:35:58.719 [info] [Model][doInitialScan] Initial repository scan started
2025-09-16 14:35:58.719 [info] > git rev-parse --show-toplevel [3ms]
2025-09-16 14:35:58.719 [info] fatal: not a git repository (or any parent up to mount point /)
Stopping at filesystem boundary (GIT_DISCOVERY_ACROSS_FILESYSTEM not set).
2025-09-16 14:35:58.719 [info] > git rev-parse --show-toplevel [1ms]
2025-09-16 14:35:58.719 [info] fatal: not a git repository (or any parent up to mount point /)
Stopping at filesystem boundary (GIT_DISCOVERY_ACROSS_FILESYSTEM not set).
2025-09-16 14:35:58.719 [info] > git rev-parse --show-toplevel [2ms]
2025-09-16 14:35:58.719 [info] fatal: not a git repository (or any parent up to mount point /)
Stopping at filesystem boundary (GIT_DISCOVERY_ACROSS_FILESYSTEM not set).
2025-09-16 14:35:58.719 [info] > git rev-parse --show-toplevel [3ms]
2025-09-16 14:35:58.719 [info] fatal: not a git repository (or any parent up to mount point /)
Stopping at filesystem boundary (GIT_DISCOVERY_ACROSS_FILESYSTEM not set).
2025-09-16 14:35:58.719 [info] > git rev-parse --show-toplevel [2ms]
2025-09-16 14:35:58.719 [info] fatal: not a git repository (or any parent up to mount point /)
Stopping at filesystem boundary (GIT_DISCOVERY_ACROSS_FILESYSTEM not set).
2025-09-16 14:35:58.719 [info] > git rev-parse --show-toplevel [1ms]
2025-09-16 14:35:58.719 [info] fatal: not a git repository (or any parent up to mount point /)
Stopping at filesystem boundary (GIT_DISCOVERY_ACROSS_FILESYSTEM not set).
2025-09-16 14:35:58.719 [info] > git rev-parse --show-toplevel [65ms]
2025-09-16 14:35:58.719 [info] fatal: not a git repository (or any parent up to mount point /)
Stopping at filesystem boundary (GIT_DISCOVERY_ACROSS_FILESYSTEM not set).
2025-09-16 14:35:58.719 [info] > git rev-parse --show-toplevel [5ms]
2025-09-16 14:35:58.719 [info] fatal: not a git repository (or any parent up to mount point /)
Stopping at filesystem boundary (GIT_DISCOVERY_ACROSS_FILESYSTEM not set).
2025-09-16 14:35:58.720 [info] > git rev-parse --show-toplevel [2ms]
2025-09-16 14:35:58.720 [info] fatal: not a git repository (or any parent up to mount point /)
Stopping at filesystem boundary (GIT_DISCOVERY_ACROSS_FILESYSTEM not set).
2025-09-16 14:35:58.726 [info] > git rev-parse --show-toplevel [1ms]
2025-09-16 14:35:58.726 [info] fatal: not a git repository (or any parent up to mount point /)
Stopping at filesystem boundary (GIT_DISCOVERY_ACROSS_FILESYSTEM not set).
2025-09-16 14:35:58.736 [info] > git rev-parse --show-toplevel [6ms]
2025-09-16 14:35:58.736 [info] fatal: not a git repository (or any parent up to mount point /)
Stopping at filesystem boundary (GIT_DISCOVERY_ACROSS_FILESYSTEM not set).
2025-09-16 14:35:58.741 [info] > git rev-parse --show-toplevel [1ms]
2025-09-16 14:35:58.741 [info] fatal: not a git repository (or any parent up to mount point /)
Stopping at filesystem boundary (GIT_DISCOVERY_ACROSS_FILESYSTEM not set).
2025-09-16 14:35:58.747 [info] > git rev-parse --show-toplevel [2ms]
2025-09-16 14:35:58.747 [info] fatal: not a git repository (or any parent up to mount point /)
Stopping at filesystem boundary (GIT_DISCOVERY_ACROSS_FILESYSTEM not set).
2025-09-16 14:35:58.748 [info] [Model][doInitialScan] Initial repository scan completed - repositories (0), closed repositories (0), parent repositories (0), unsafe repositories (0)
2025-09-16 14:35:59.449 [info] > git rev-parse --show-toplevel [2ms]
2025-09-16 14:35:59.449 [info] fatal: not a git repository (or any parent up to mount point /)
Stopping at filesystem boundary (GIT_DISCOVERY_ACROSS_FILESYSTEM not set).
2025-09-16 14:36:06.507 [info] > git rev-parse --show-toplevel [12ms]
2025-09-16 14:36:06.507 [info] fatal: not a git repository (or any parent up to mount point /)
Stopping at filesystem boundary (GIT_DISCOVERY_ACROSS_FILESYSTEM not set).
2025-09-16 14:36:12.507 [info] > git rev-parse --show-toplevel [5ms]
2025-09-16 14:36:12.507 [info] fatal: not a git repository (or any parent up to mount point /)
Stopping at filesystem boundary (GIT_DISCOVERY_ACROSS_FILESYSTEM not set).
2025-09-16 14:36:26.264 [info] > git rev-parse --show-toplevel [2ms]
2025-09-16 14:36:26.264 [info] fatal: not a git repository (or any parent up to mount point /)
Stopping at filesystem boundary (GIT_DISCOVERY_ACROSS_FILESYSTEM not set).
2025-09-16 14:41:50.340 [info] > git rev-parse --show-toplevel [3ms]
2025-09-16 14:41:50.340 [info] fatal: not a git repository (or any parent up to mount point /)
Stopping at filesystem boundary (GIT_DISCOVERY_ACROSS_FILESYSTEM not set).
2025-09-16 14:44:10.769 [info] > git rev-parse --show-toplevel [2ms]
2025-09-16 14:44:10.769 [info] fatal: not a git repository (or any parent up to mount point /)
Stopping at filesystem boundary (GIT_DISCOVERY_ACROSS_FILESYSTEM not set).
2025-09-16 14:47:17.411 [info] > git rev-parse --show-toplevel [4ms]
2025-09-16 14:47:17.411 [info] fatal: not a git repository (or any parent up to mount point /)
Stopping at filesystem boundary (GIT_DISCOVERY_ACROSS_FILESYSTEM not set).
