2025-09-13 06:53:22.360 [warning] Dir "/home/rahultammu71/.pixi/envs" is not watchable (directory does not exist)
2025-09-13 06:53:22.360 [info] Starting Environment refresh
2025-09-13 06:53:22.360 [info] Searching for interpreters in posix paths locator
2025-09-13 06:53:22.360 [info] Searching for pyenv environments
2025-09-13 06:53:22.360 [info] Searching for conda environments
2025-09-13 06:53:22.360 [info] Searching for global virtual environments
2025-09-13 06:53:22.360 [info] Searching for custom virtual environments
2025-09-13 06:53:22.360 [info] pyenv is not installed
2025-09-13 06:53:22.360 [info] Finished searching for pyenv environments: 16 milliseconds
2025-09-13 06:53:22.360 [info] Finished searching for custom virtual envs: 16 milliseconds
2025-09-13 06:53:22.360 [info] > conda info --json
2025-09-13 06:53:22.360 [info] > hatch env show --json
2025-09-13 06:53:22.360 [info] cwd: .
2025-09-13 06:53:22.360 [info] > pyenv which python
2025-09-13 06:53:22.360 [info] cwd: .
2025-09-13 06:53:22.360 [info] Finished searching for global virtual envs: 42 milliseconds
2025-09-13 06:53:22.361 [info] Found: /bin/python --> /bin/python3.12
2025-09-13 06:53:22.363 [info] Found: /bin/python3 --> /bin/python3.12
2025-09-13 06:53:22.363 [info] Found: /bin/python3.12 --> /bin/python3.12
2025-09-13 06:53:22.377 [info] Found: /usr/bin/python --> /usr/bin/python3.12
2025-09-13 06:53:22.378 [info] Found: /usr/bin/python3 --> /usr/bin/python3.12
2025-09-13 06:53:22.378 [info] Found: /usr/bin/python3.12 --> /usr/bin/python3.12
2025-09-13 06:53:22.406 [info] Finished searching for interpreters in posix paths locator: 101 milliseconds
2025-09-13 06:53:22.406 [info] > /bin/python -I /google/devshell/editor/code-oss-for-cloud-shell/extensions/ms-python.python/python_files/get_output_via_markers.py /google/devshell/editor/code-oss-for-cloud-shell/extensions/ms-python.python/python_files/interpreterInfo.py
2025-09-13 06:53:22.416 [info] > /usr/bin/python -I /google/devshell/editor/code-oss-for-cloud-shell/extensions/ms-python.python/python_files/get_output_via_markers.py /google/devshell/editor/code-oss-for-cloud-shell/extensions/ms-python.python/python_files/interpreterInfo.py
2025-09-13 06:53:22.416 [info] Environments refresh paths discovered (event): 116 milliseconds
2025-09-13 06:53:22.416 [info] Environments refresh paths discovered: 116 milliseconds
2025-09-13 06:53:22.467 [info] Environments refresh finished (event): 167 milliseconds
2025-09-13 06:53:22.479 [info] Environment refresh took 180 milliseconds
2025-09-13 06:53:22.485 [info] Python interpreter path: /bin/python
2025-09-13 06:53:30.038 [info] Starting Jedi language server for rahultammu71.
