2025-09-13 06:53:22.360 [info] [main] Log level: Info
2025-09-13 06:53:22.360 [info] [main] Validating found git in: "git"
2025-09-13 06:53:22.360 [info] [main] Using git "2.43.0" from "git"
2025-09-13 06:53:22.360 [info] [Model][doInitialScan] Initial repository scan started
2025-09-13 06:53:22.360 [info] > git rev-parse --show-toplevel [2ms]
2025-09-13 06:53:22.360 [info] fatal: not a git repository (or any parent up to mount point /)
Stopping at filesystem boundary (GIT_DISCOVERY_ACROSS_FILESYSTEM not set).
2025-09-13 06:53:22.360 [info] > git rev-parse --show-toplevel [1ms]
2025-09-13 06:53:22.360 [info] fatal: not a git repository (or any parent up to mount point /)
Stopping at filesystem boundary (GIT_DISCOVERY_ACROSS_FILESYSTEM not set).
2025-09-13 06:53:22.360 [info] > git rev-parse --show-toplevel [2ms]
2025-09-13 06:53:22.360 [info] fatal: not a git repository (or any parent up to mount point /)
Stopping at filesystem boundary (GIT_DISCOVERY_ACROSS_FILESYSTEM not set).
2025-09-13 06:53:22.360 [info] > git rev-parse --show-toplevel [2ms]
2025-09-13 06:53:22.360 [info] fatal: not a git repository (or any parent up to mount point /)
Stopping at filesystem boundary (GIT_DISCOVERY_ACROSS_FILESYSTEM not set).
2025-09-13 06:53:22.360 [info] > git rev-parse --show-toplevel [1ms]
2025-09-13 06:53:22.360 [info] fatal: not a git repository (or any parent up to mount point /)
Stopping at filesystem boundary (GIT_DISCOVERY_ACROSS_FILESYSTEM not set).
2025-09-13 06:53:22.360 [info] > git rev-parse --show-toplevel [2ms]
2025-09-13 06:53:22.360 [info] fatal: not a git repository (or any parent up to mount point /)
Stopping at filesystem boundary (GIT_DISCOVERY_ACROSS_FILESYSTEM not set).
2025-09-13 06:53:22.360 [info] > git rev-parse --show-toplevel [2ms]
2025-09-13 06:53:22.360 [info] fatal: not a git repository (or any parent up to mount point /)
Stopping at filesystem boundary (GIT_DISCOVERY_ACROSS_FILESYSTEM not set).
2025-09-13 06:53:22.360 [info] > git rev-parse --show-toplevel [2ms]
2025-09-13 06:53:22.360 [info] fatal: not a git repository (or any parent up to mount point /)
Stopping at filesystem boundary (GIT_DISCOVERY_ACROSS_FILESYSTEM not set).
2025-09-13 06:53:22.360 [info] > git rev-parse --show-toplevel [2ms]
2025-09-13 06:53:22.360 [info] fatal: not a git repository (or any parent up to mount point /)
Stopping at filesystem boundary (GIT_DISCOVERY_ACROSS_FILESYSTEM not set).
2025-09-13 06:53:22.360 [info] > git rev-parse --show-toplevel [2ms]
2025-09-13 06:53:22.360 [info] fatal: not a git repository (or any parent up to mount point /)
Stopping at filesystem boundary (GIT_DISCOVERY_ACROSS_FILESYSTEM not set).
2025-09-13 06:53:22.360 [info] > git rev-parse --show-toplevel [2ms]
2025-09-13 06:53:22.360 [info] fatal: not a git repository (or any parent up to mount point /)
Stopping at filesystem boundary (GIT_DISCOVERY_ACROSS_FILESYSTEM not set).
2025-09-13 06:53:22.360 [info] > git rev-parse --show-toplevel [1ms]
2025-09-13 06:53:22.360 [info] fatal: not a git repository (or any parent up to mount point /)
Stopping at filesystem boundary (GIT_DISCOVERY_ACROSS_FILESYSTEM not set).
2025-09-13 06:53:22.360 [info] [Model][doInitialScan] Initial repository scan completed - repositories (0), closed repositories (0), parent repositories (0), unsafe repositories (0)
2025-09-13 06:53:24.592 [info] > git rev-parse --show-toplevel [2ms]
2025-09-13 06:53:24.592 [info] fatal: not a git repository (or any parent up to mount point /)
Stopping at filesystem boundary (GIT_DISCOVERY_ACROSS_FILESYSTEM not set).
2025-09-13 06:54:19.583 [info] > git rev-parse --show-toplevel [5ms]
2025-09-13 06:54:19.584 [info] fatal: not a git repository (or any parent up to mount point /)
Stopping at filesystem boundary (GIT_DISCOVERY_ACROSS_FILESYSTEM not set).
