2025-09-13 07:06:01.634 [info] [main] Log level: Info
2025-09-13 07:06:01.634 [info] [main] Validating found git in: "git"
2025-09-13 07:06:01.634 [info] [main] Using git "2.43.0" from "git"
2025-09-13 07:06:01.634 [info] [Model][doInitialScan] Initial repository scan started
2025-09-13 07:06:01.634 [info] > git rev-parse --show-toplevel [13ms]
2025-09-13 07:06:01.634 [info] fatal: not a git repository (or any parent up to mount point /)
Stopping at filesystem boundary (GIT_DISCOVERY_ACROSS_FILESYSTEM not set).
2025-09-13 07:06:01.634 [info] > git rev-parse --show-toplevel [67ms]
2025-09-13 07:06:01.634 [info] fatal: not a git repository (or any parent up to mount point /)
Stopping at filesystem boundary (GIT_DISCOVERY_ACROSS_FILESYSTEM not set).
2025-09-13 07:06:01.634 [info] > git rev-parse --show-toplevel [2ms]
2025-09-13 07:06:01.634 [info] fatal: not a git repository (or any parent up to mount point /)
Stopping at filesystem boundary (GIT_DISCOVERY_ACROSS_FILESYSTEM not set).
2025-09-13 07:06:01.643 [info] > git rev-parse --show-toplevel [1ms]
2025-09-13 07:06:01.643 [info] fatal: not a git repository (or any parent up to mount point /)
Stopping at filesystem boundary (GIT_DISCOVERY_ACROSS_FILESYSTEM not set).
2025-09-13 07:06:01.653 [info] > git rev-parse --show-toplevel [2ms]
2025-09-13 07:06:01.653 [info] fatal: not a git repository (or any parent up to mount point /)
Stopping at filesystem boundary (GIT_DISCOVERY_ACROSS_FILESYSTEM not set).
2025-09-13 07:06:01.664 [info] > git rev-parse --show-toplevel [5ms]
2025-09-13 07:06:01.664 [info] fatal: not a git repository (or any parent up to mount point /)
Stopping at filesystem boundary (GIT_DISCOVERY_ACROSS_FILESYSTEM not set).
2025-09-13 07:06:01.686 [info] > git rev-parse --show-toplevel [14ms]
2025-09-13 07:06:01.686 [info] fatal: not a git repository (or any parent up to mount point /)
Stopping at filesystem boundary (GIT_DISCOVERY_ACROSS_FILESYSTEM not set).
2025-09-13 07:06:01.728 [info] > git rev-parse --show-toplevel [34ms]
2025-09-13 07:06:01.728 [info] fatal: not a git repository (or any parent up to mount point /)
Stopping at filesystem boundary (GIT_DISCOVERY_ACROSS_FILESYSTEM not set).
2025-09-13 07:06:01.740 [info] > git rev-parse --show-toplevel [2ms]
2025-09-13 07:06:01.740 [info] fatal: not a git repository (or any parent up to mount point /)
Stopping at filesystem boundary (GIT_DISCOVERY_ACROSS_FILESYSTEM not set).
2025-09-13 07:06:01.749 [info] > git rev-parse --show-toplevel [2ms]
2025-09-13 07:06:01.749 [info] fatal: not a git repository (or any parent up to mount point /)
Stopping at filesystem boundary (GIT_DISCOVERY_ACROSS_FILESYSTEM not set).
2025-09-13 07:06:01.756 [info] > git rev-parse --show-toplevel [2ms]
2025-09-13 07:06:01.756 [info] fatal: not a git repository (or any parent up to mount point /)
Stopping at filesystem boundary (GIT_DISCOVERY_ACROSS_FILESYSTEM not set).
2025-09-13 07:06:01.767 [info] > git rev-parse --show-toplevel [1ms]
2025-09-13 07:06:01.767 [info] fatal: not a git repository (or any parent up to mount point /)
Stopping at filesystem boundary (GIT_DISCOVERY_ACROSS_FILESYSTEM not set).
2025-09-13 07:06:01.780 [info] > git rev-parse --show-toplevel [5ms]
2025-09-13 07:06:01.780 [info] fatal: not a git repository (or any parent up to mount point /)
Stopping at filesystem boundary (GIT_DISCOVERY_ACROSS_FILESYSTEM not set).
2025-09-13 07:06:01.781 [info] [Model][doInitialScan] Initial repository scan completed - repositories (0), closed repositories (0), parent repositories (0), unsafe repositories (0)
